<?xml version="1.0" encoding="UTF-8"?>
<!-- Generated by org.testng.reporters.JUnitXMLReporter -->
<testsuite ignored="0" hostname="LAPTOP-5CK4J9DQ" failures="0" tests="3" name="Default test" time="5.667" errors="0" timestamp="2023-10-08T21:10:57 EDT">
  <testcase classname="com.facebook.pageFactory.LoginTest" name="boundaryLoginTest" time="0.126"/>
  <testcase classname="com.facebook.pageFactory.LoginTest" name="invalidLoginTest" time="0.168"/>
  <testcase classname="com.facebook.pageFactory.LoginTest" name="validLoginTest" time="0.128"/>
</testsuite> <!-- Default test -->
