<?xml version="1.0" encoding="UTF-8"?>
<testng-results ignored="0" total="1" passed="1" failed="0" skipped="0">
  <reporter-output>
  </reporter-output>
  <suite started-at="2023-10-09T23:34:37 EDT" name="Default suite" finished-at="2023-10-09T23:34:40 EDT" duration-ms="3447">
    <groups>
    </groups>
    <test started-at="2023-10-09T23:34:37 EDT" name="Default test" finished-at="2023-10-09T23:34:40 EDT" duration-ms="3447">
      <class name="com.facebook.baseLoginTest.LoginTest">
        <test-method is-config="true" signature="openApp()[pri:0, instance:com.facebook.baseLoginTest.LoginTest@34123d65]" started-at="2023-10-09T23:34:37 EDT" name="openApp" finished-at="2023-10-09T23:34:40 EDT" duration-ms="3150" status="PASS">
          <reporter-output>
          </reporter-output>
        </test-method> <!-- openApp -->
        <test-method signature="validLoginTest()[pri:0, instance:com.facebook.baseLoginTest.LoginTest@34123d65]" started-at="2023-10-09T23:34:40 EDT" name="validLoginTest" finished-at="2023-10-09T23:34:40 EDT" duration-ms="245" status="PASS">
          <reporter-output>
          </reporter-output>
        </test-method> <!-- validLoginTest -->
      </class> <!-- com.facebook.baseLoginTest.LoginTest -->
    </test> <!-- Default test -->
  </suite> <!-- Default suite -->
</testng-results>
