<?xml version="1.0" encoding="UTF-8"?>
<testng-results ignored="0" total="3" passed="3" failed="0" skipped="0">
  <reporter-output>
  </reporter-output>
  <suite started-at="2023-10-08T21:10:51 EDT" name="Default suite" finished-at="2023-10-08T21:10:57 EDT" duration-ms="5667">
    <groups>
    </groups>
    <test started-at="2023-10-08T21:10:51 EDT" name="Default test" finished-at="2023-10-08T21:10:57 EDT" duration-ms="5667">
      <class name="com.facebook.pageFactory.LoginTest">
        <test-method is-config="true" signature="openApp()[pri:0, instance:com.facebook.pageFactory.LoginTest@78691363]" started-at="2023-10-08T21:10:51 EDT" name="openApp" finished-at="2023-10-08T21:10:54 EDT" duration-ms="2285" status="PASS">
          <reporter-output>
          </reporter-output>
        </test-method> <!-- openApp -->
        <test-method signature="boundaryLoginTest()[pri:0, instance:com.facebook.pageFactory.LoginTest@78691363]" started-at="2023-10-08T21:10:54 EDT" name="boundaryLoginTest" finished-at="2023-10-08T21:10:54 EDT" duration-ms="126" status="PASS">
          <reporter-output>
          </reporter-output>
        </test-method> <!-- boundaryLoginTest -->
        <test-method is-config="true" signature="openApp()[pri:0, instance:com.facebook.pageFactory.LoginTest@78691363]" started-at="2023-10-08T21:10:54 EDT" name="openApp" finished-at="2023-10-08T21:10:55 EDT" duration-ms="1432" status="PASS">
          <reporter-output>
          </reporter-output>
        </test-method> <!-- openApp -->
        <test-method signature="invalidLoginTest()[pri:0, instance:com.facebook.pageFactory.LoginTest@78691363]" started-at="2023-10-08T21:10:55 EDT" name="invalidLoginTest" finished-at="2023-10-08T21:10:55 EDT" duration-ms="168" status="PASS">
          <reporter-output>
          </reporter-output>
        </test-method> <!-- invalidLoginTest -->
        <test-method is-config="true" signature="openApp()[pri:0, instance:com.facebook.pageFactory.LoginTest@78691363]" started-at="2023-10-08T21:10:55 EDT" name="openApp" finished-at="2023-10-08T21:10:57 EDT" duration-ms="1477" status="PASS">
          <reporter-output>
          </reporter-output>
        </test-method> <!-- openApp -->
        <test-method signature="validLoginTest()[pri:0, instance:com.facebook.pageFactory.LoginTest@78691363]" started-at="2023-10-08T21:10:57 EDT" name="validLoginTest" finished-at="2023-10-08T21:10:57 EDT" duration-ms="128" status="PASS">
          <reporter-output>
          </reporter-output>
        </test-method> <!-- validLoginTest -->
      </class> <!-- com.facebook.pageFactory.LoginTest -->
    </test> <!-- Default test -->
  </suite> <!-- Default suite -->
</testng-results>
